<?xml version="1.0" encoding="UTF-8"?>
<!-- Generated by org.testng.reporters.JUnitXMLReporter -->
<testsuite hostname="SWAMY" ignored="1" name="Default test" tests="5" failures="1" timestamp="25 Apr 2019 12:23:23 GMT" time="0.26" errors="0">
  <testcase name="print2" time="0.016" classname="Basics.Listenerexample1"/>
  <testcase name="Print1" time="0.002" classname="Basics.Listenerexample1"/>
  <testcase name="print3" time="0.002" classname="Basics.Listenerexample1"/>
  <testcase name="print3" time="0.002" classname="Basics.Listenerexample1"/>
  <testcase name="parameterizedMethod" time="0.0" classname="Basics.Listenerexample1">
    <failure type="org.testng.TestNGException" message="
Parameter &amp;apos;city&amp;apos; is required by @Test on method parameterizedMethod but has not been marked @Optional or defined
in C:\Users\admin\AppData\Local\Temp\testng-eclipse-1204816620\testng-customsuite.xml">
      <![CDATA[org.testng.TestNGException: 
Parameter 'city' is required by @Test on method parameterizedMethod but has not been marked @Optional or defined
in C:\Users\admin\AppData\Local\Temp\testng-eclipse-1204816620\testng-customsuite.xml
at org.testng.internal.Parameters.createParams(Parameters.java:290)
at org.testng.internal.Parameters.createParametersForMethod(Parameters.java:359)
at org.testng.internal.Parameters.createParameters(Parameters.java:620)
at org.testng.internal.Parameters.handleParameters(Parameters.java:769)
at org.testng.internal.ParameterHandler.handleParameters(ParameterHandler.java:49)
at org.testng.internal.ParameterHandler.createParameters(ParameterHandler.java:37)
at org.testng.internal.Invoker.invokeTestMethods(Invoker.java:923)
at org.testng.internal.TestMethodWorker.invokeTestMethods(TestMethodWorker.java:125)
at org.testng.internal.TestMethodWorker.run(TestMethodWorker.java:109)
at org.testng.TestRunner.privateRun(TestRunner.java:648)
at org.testng.TestRunner.run(TestRunner.java:505)
at org.testng.SuiteRunner.runTest(SuiteRunner.java:455)
at org.testng.SuiteRunner.runSequentially(SuiteRunner.java:450)
at org.testng.SuiteRunner.privateRun(SuiteRunner.java:415)
at org.testng.SuiteRunner.run(SuiteRunner.java:364)
at org.testng.SuiteRunnerWorker.runSuite(SuiteRunnerWorker.java:52)
at org.testng.SuiteRunnerWorker.run(SuiteRunnerWorker.java:84)
at org.testng.TestNG.runSuitesSequentially(TestNG.java:1208)
at org.testng.TestNG.runSuitesLocally(TestNG.java:1137)
at org.testng.TestNG.runSuites(TestNG.java:1049)
at org.testng.TestNG.run(TestNG.java:1017)
at org.testng.remote.AbstractRemoteTestNG.run(AbstractRemoteTestNG.java:114)
at org.testng.remote.RemoteTestNG.initAndRun(RemoteTestNG.java:251)
at org.testng.remote.RemoteTestNG.main(RemoteTestNG.java:77)
]]>
    </failure>
  </testcase> <!-- parameterizedMethod -->
  <testcase name="enablePrint" time="0.0" classname="Basics.Listenerexample1">
    <ignored/>
  </testcase> <!-- enablePrint -->
</testsuite> <!-- Default test -->
